{
  "stats": {
    "suites": 2,
    "tests": 3,
    "passes": 3,
    "pending": 0,
    "failures": 0,
    "start": "2021-09-28T17:09:18.677Z",
    "end": "2021-09-28T17:09:31.479Z",
    "duration": 12802,
    "testsRegistered": 3,
    "passPercent": 100,
    "pendingPercent": 0,
    "other": 0,
    "hasOther": false,
    "skipped": 0,
    "hasSkipped": false
  },
  "results": [
    {
      "uuid": "58a5ceb5-2125-4b3f-ad9d-74d96b04d953",
      "title": "",
      "fullFile": "cypress/integration/test.spec.js",
      "file": "cypress/integration/test.spec.js",
      "beforeHooks": [],
      "afterHooks": [],
      "tests": [],
      "suites": [
        {
          "uuid": "b13cdca3-cdcb-4c06-b5ea-74d34dea255c",
          "title": "Login Functionality",
          "fullFile": "",
          "file": "",
          "beforeHooks": [],
          "afterHooks": [],
          "tests": [
            {
              "title": "Succesful Login",
              "fullTitle": "Login Functionality Succesful Login",
              "timedOut": null,
              "duration": 6159,
              "state": "passed",
              "speed": "slow",
              "pass": true,
              "fail": false,
              "pending": false,
              "context": null,
              "code": "",
              "err": {},
              "uuid": "024c00a1-1b58-4426-8fba-b184462b82dd",
              "parentUUID": "b13cdca3-cdcb-4c06-b5ea-74d34dea255c",
              "isHook": false,
              "skipped": false
            },
            {
              "title": "Unsucessful Login",
              "fullTitle": "Login Functionality Unsucessful Login",
              "timedOut": null,
              "duration": 1655,
              "state": "passed",
              "speed": "slow",
              "pass": true,
              "fail": false,
              "pending": false,
              "context": null,
              "code": "",
              "err": {},
              "uuid": "440fcd16-e1ac-462c-a302-b94df297bd79",
              "parentUUID": "b13cdca3-cdcb-4c06-b5ea-74d34dea255c",
              "isHook": false,
              "skipped": false
            }
          ],
          "suites": [],
          "passes": [
            "024c00a1-1b58-4426-8fba-b184462b82dd",
            "440fcd16-e1ac-462c-a302-b94df297bd79"
          ],
          "failures": [],
          "pending": [],
          "skipped": [],
          "duration": 7814,
          "root": false,
          "rootEmpty": false,
          "_timeout": 2000
        },
        {
          "uuid": "889053b4-e135-4304-b779-de04d9af49f2",
          "title": "ApplyForLeave",
          "fullFile": "",
          "file": "",
          "beforeHooks": [],
          "afterHooks": [],
          "tests": [
            {
              "title": "Succesful Levae Application",
              "fullTitle": "ApplyForLeave Succesful Levae Application",
              "timedOut": null,
              "duration": 4049,
              "state": "passed",
              "speed": "slow",
              "pass": true,
              "fail": false,
              "pending": false,
              "context": null,
              "code": "",
              "err": {},
              "uuid": "c8ab5ba3-4238-48c2-a2b7-ac993d473b4b",
              "parentUUID": "889053b4-e135-4304-b779-de04d9af49f2",
              "isHook": false,
              "skipped": false
            }
          ],
          "suites": [],
          "passes": [
            "c8ab5ba3-4238-48c2-a2b7-ac993d473b4b"
          ],
          "failures": [],
          "pending": [],
          "skipped": [],
          "duration": 4049,
          "root": false,
          "rootEmpty": false,
          "_timeout": 2000
        }
      ],
      "passes": [],
      "failures": [],
      "pending": [],
      "skipped": [],
      "duration": 0,
      "root": true,
      "rootEmpty": true,
      "_timeout": 2000
    }
  ],
  "meta": {
    "mocha": {
      "version": "7.0.1"
    },
    "mochawesome": {
      "options": {
        "quiet": false,
        "reportFilename": "Cypress-Report",
        "saveHtml": true,
        "saveJson": true,
        "consoleReporter": "spec",
        "useInlineDiffs": false,
        "code": false
      },
      "version": "6.2.2"
    },
    "marge": {
      "options": {
        "code": false,
        "overwrite": false,
        "reportFilename": "Cypress-Report",
        "autoOpen": "true",
        "charts": "true"
      },
      "version": "5.2.0"
    }
  }
}