{
  "stats": {
    "suites": 1,
    "tests": 2,
    "passes": 1,
    "pending": 1,
    "failures": 0,
    "start": "2021-09-28T16:27:32.219Z",
    "end": "2021-09-28T16:27:38.797Z",
    "duration": 6578,
    "testsRegistered": 2,
    "passPercent": 100,
    "pendingPercent": 50,
    "other": 0,
    "hasOther": false,
    "skipped": 0,
    "hasSkipped": false
  },
  "results": [
    {
      "uuid": "300df1ef-50f7-4641-9fa0-90e0424534c0",
      "title": "",
      "fullFile": "cypress/integration/test.spec.js",
      "file": "cypress/integration/test.spec.js",
      "beforeHooks": [],
      "afterHooks": [],
      "tests": [],
      "suites": [
        {
          "uuid": "ff1d8f67-2590-402c-8cb4-7260bcb39170",
          "title": "Login Functionality",
          "fullFile": "",
          "file": "",
          "beforeHooks": [],
          "afterHooks": [],
          "tests": [
            {
              "title": "Succesful Login",
              "fullTitle": "Login Functionality Succesful Login",
              "timedOut": null,
              "duration": 4994,
              "state": "passed",
              "speed": "slow",
              "pass": true,
              "fail": false,
              "pending": false,
              "context": null,
              "code": "",
              "err": {},
              "uuid": "75f4dd80-6017-4077-a561-3905274a8a66",
              "parentUUID": "ff1d8f67-2590-402c-8cb4-7260bcb39170",
              "isHook": false,
              "skipped": false
            },
            {
              "title": "Unsucessful Login",
              "fullTitle": "Login Functionality Unsucessful Login",
              "timedOut": null,
              "duration": 0,
              "state": "pending",
              "speed": null,
              "pass": false,
              "fail": false,
              "pending": true,
              "context": null,
              "code": "",
              "err": {},
              "uuid": "bf9915a6-077a-4dac-8ae5-7011fc63bb74",
              "parentUUID": "ff1d8f67-2590-402c-8cb4-7260bcb39170",
              "isHook": false,
              "skipped": false
            }
          ],
          "suites": [],
          "passes": [
            "75f4dd80-6017-4077-a561-3905274a8a66"
          ],
          "failures": [],
          "pending": [
            "bf9915a6-077a-4dac-8ae5-7011fc63bb74"
          ],
          "skipped": [],
          "duration": 4994,
          "root": false,
          "rootEmpty": false,
          "_timeout": 2000
        }
      ],
      "passes": [],
      "failures": [],
      "pending": [],
      "skipped": [],
      "duration": 0,
      "root": true,
      "rootEmpty": true,
      "_timeout": 2000
    }
  ],
  "meta": {
    "mocha": {
      "version": "7.0.1"
    },
    "mochawesome": {
      "options": {
        "quiet": false,
        "reportFilename": "Cypress-Report",
        "saveHtml": true,
        "saveJson": true,
        "consoleReporter": "spec",
        "useInlineDiffs": false,
        "code": false
      },
      "version": "6.2.2"
    },
    "marge": {
      "options": {
        "code": false,
        "overwrite": false,
        "reportFilename": "Cypress-Report",
        "autoOpen": "true",
        "charts": "true"
      },
      "version": "5.2.0"
    }
  }
}