{
  "stats": {
    "suites": 1,
    "tests": 2,
    "passes": 1,
    "pending": 1,
    "failures": 0,
    "start": "2021-09-28T16:29:43.873Z",
    "end": "2021-09-28T16:29:49.960Z",
    "duration": 6087,
    "testsRegistered": 2,
    "passPercent": 100,
    "pendingPercent": 50,
    "other": 0,
    "hasOther": false,
    "skipped": 0,
    "hasSkipped": false
  },
  "results": [
    {
      "uuid": "240edb15-a624-46ea-91bb-4eb4fc1c030f",
      "title": "",
      "fullFile": "cypress/integration/test.spec.js",
      "file": "cypress/integration/test.spec.js",
      "beforeHooks": [],
      "afterHooks": [],
      "tests": [],
      "suites": [
        {
          "uuid": "fb54b560-0fc1-4afd-a4e9-fb8077fcacb0",
          "title": "Login Functionality",
          "fullFile": "",
          "file": "",
          "beforeHooks": [],
          "afterHooks": [],
          "tests": [
            {
              "title": "Succesful Login",
              "fullTitle": "Login Functionality Succesful Login",
              "timedOut": null,
              "duration": 5042,
              "state": "passed",
              "speed": "slow",
              "pass": true,
              "fail": false,
              "pending": false,
              "context": null,
              "code": "",
              "err": {},
              "uuid": "136bd928-e7ee-4b25-ab6d-3b59eb946cd3",
              "parentUUID": "fb54b560-0fc1-4afd-a4e9-fb8077fcacb0",
              "isHook": false,
              "skipped": false
            },
            {
              "title": "Unsucessful Login",
              "fullTitle": "Login Functionality Unsucessful Login",
              "timedOut": null,
              "duration": 0,
              "state": "pending",
              "speed": null,
              "pass": false,
              "fail": false,
              "pending": true,
              "context": null,
              "code": "",
              "err": {},
              "uuid": "8c34e24c-4ac0-49d1-b805-becfaf85173d",
              "parentUUID": "fb54b560-0fc1-4afd-a4e9-fb8077fcacb0",
              "isHook": false,
              "skipped": false
            }
          ],
          "suites": [],
          "passes": [
            "136bd928-e7ee-4b25-ab6d-3b59eb946cd3"
          ],
          "failures": [],
          "pending": [
            "8c34e24c-4ac0-49d1-b805-becfaf85173d"
          ],
          "skipped": [],
          "duration": 5042,
          "root": false,
          "rootEmpty": false,
          "_timeout": 2000
        }
      ],
      "passes": [],
      "failures": [],
      "pending": [],
      "skipped": [],
      "duration": 0,
      "root": true,
      "rootEmpty": true,
      "_timeout": 2000
    }
  ],
  "meta": {
    "mocha": {
      "version": "7.0.1"
    },
    "mochawesome": {
      "options": {
        "quiet": false,
        "reportFilename": "Cypress-Report",
        "saveHtml": true,
        "saveJson": true,
        "consoleReporter": "spec",
        "useInlineDiffs": false,
        "code": false
      },
      "version": "6.2.2"
    },
    "marge": {
      "options": {
        "code": false,
        "overwrite": false,
        "reportFilename": "Cypress-Report",
        "autoOpen": "true",
        "charts": "true"
      },
      "version": "5.2.0"
    }
  }
}