{
  "stats": {
    "suites": 2,
    "tests": 3,
    "passes": 2,
    "pending": 1,
    "failures": 0,
    "start": "2021-09-28T17:07:14.472Z",
    "end": "2021-09-28T17:07:25.724Z",
    "duration": 11252,
    "testsRegistered": 3,
    "passPercent": 100,
    "pendingPercent": 33.33333333333333,
    "other": 0,
    "hasOther": false,
    "skipped": 0,
    "hasSkipped": false
  },
  "results": [
    {
      "uuid": "963f1634-13c5-42c6-bdd5-ecfc538f0d0f",
      "title": "",
      "fullFile": "cypress/integration/test.spec.js",
      "file": "cypress/integration/test.spec.js",
      "beforeHooks": [],
      "afterHooks": [],
      "tests": [],
      "suites": [
        {
          "uuid": "fc208612-3f26-4ab1-a112-d58fb3ef3d4f",
          "title": "Login Functionality",
          "fullFile": "",
          "file": "",
          "beforeHooks": [],
          "afterHooks": [],
          "tests": [
            {
              "title": "Succesful Login",
              "fullTitle": "Login Functionality Succesful Login",
              "timedOut": null,
              "duration": 4749,
              "state": "passed",
              "speed": "slow",
              "pass": true,
              "fail": false,
              "pending": false,
              "context": null,
              "code": "",
              "err": {},
              "uuid": "8b1881b2-5f9a-492d-ab48-7bd233b5d701",
              "parentUUID": "fc208612-3f26-4ab1-a112-d58fb3ef3d4f",
              "isHook": false,
              "skipped": false
            },
            {
              "title": "Unsucessful Login",
              "fullTitle": "Login Functionality Unsucessful Login",
              "timedOut": null,
              "duration": 0,
              "state": "pending",
              "speed": null,
              "pass": false,
              "fail": false,
              "pending": true,
              "context": null,
              "code": "",
              "err": {},
              "uuid": "19771dbe-c2f6-4718-a4e2-ec99f1348c2c",
              "parentUUID": "fc208612-3f26-4ab1-a112-d58fb3ef3d4f",
              "isHook": false,
              "skipped": false
            }
          ],
          "suites": [],
          "passes": [
            "8b1881b2-5f9a-492d-ab48-7bd233b5d701"
          ],
          "failures": [],
          "pending": [
            "19771dbe-c2f6-4718-a4e2-ec99f1348c2c"
          ],
          "skipped": [],
          "duration": 4749,
          "root": false,
          "rootEmpty": false,
          "_timeout": 2000
        },
        {
          "uuid": "fca8ae9f-3708-4445-8df9-a1f20b55a6a7",
          "title": "ApplyForLeave",
          "fullFile": "",
          "file": "",
          "beforeHooks": [],
          "afterHooks": [],
          "tests": [
            {
              "title": "Succesful Levae Application",
              "fullTitle": "ApplyForLeave Succesful Levae Application",
              "timedOut": null,
              "duration": 3793,
              "state": "passed",
              "speed": "slow",
              "pass": true,
              "fail": false,
              "pending": false,
              "context": null,
              "code": "",
              "err": {},
              "uuid": "9fe348b3-edd5-4cf9-827d-47d934bdbfb6",
              "parentUUID": "fca8ae9f-3708-4445-8df9-a1f20b55a6a7",
              "isHook": false,
              "skipped": false
            }
          ],
          "suites": [],
          "passes": [
            "9fe348b3-edd5-4cf9-827d-47d934bdbfb6"
          ],
          "failures": [],
          "pending": [],
          "skipped": [],
          "duration": 3793,
          "root": false,
          "rootEmpty": false,
          "_timeout": 2000
        }
      ],
      "passes": [],
      "failures": [],
      "pending": [],
      "skipped": [],
      "duration": 0,
      "root": true,
      "rootEmpty": true,
      "_timeout": 2000
    }
  ],
  "meta": {
    "mocha": {
      "version": "7.0.1"
    },
    "mochawesome": {
      "options": {
        "quiet": false,
        "reportFilename": "Cypress-Report",
        "saveHtml": true,
        "saveJson": true,
        "consoleReporter": "spec",
        "useInlineDiffs": false,
        "code": false
      },
      "version": "6.2.2"
    },
    "marge": {
      "options": {
        "code": false,
        "overwrite": false,
        "reportFilename": "Cypress-Report",
        "autoOpen": "true",
        "charts": "true"
      },
      "version": "5.2.0"
    }
  }
}